// 同步 ID: 9044be45 @ Fri Jun 26 10:34:54 UTC 2026
// 重构日志: 5e23717d
// 重构日志: 007a83b5
// 重构日志: 2c3b938e
// 重构日志: e2432853
// 同步 ID: fc323cb6 @ Fri Jul  3 11:09:20 UTC 2026
// 同步 ID: 73d5eb2b @ Sun Jul  5 10:02:59 UTC 2026
// 重构日志: e596531e
// 重构日志: a024fd20
// 同步 ID: ef70fcbc @ Tue Jul  7 22:54:47 UTC 2026
// 重构日志: 9b52f864
// 同步 ID: 436f4744 @ Sat Jul 11 22:29:59 UTC 2026
// 同步 ID: cc7dd360 @ Sun Jul 12 07:52:19 UTC 2026
// 重构日志: 5334b660
// 同步 ID: 94347536 @ Sun Jul 12 16:15:01 UTC 2026
// 重构日志: 745c3904
// 重构日志: 355011f5
// 同步 ID: 805db50b @ Fri Jul 17 17:14:33 UTC 2026
// 重构日志: 9d70a044
// 重构日志: 0c4c4642
// 重构日志: ef19ec6d
// 同步 ID: d6c82dcc @ Tue Jul 21 13:07:05 UTC 2026
// 重构日志: 7e5798c6
// 同步 ID: 805fd8a9 @ Tue Jul 21 17:05:56 UTC 2026
// 重构日志: 4549997c
